Arguments: 
  /usr/bin/node /usr/bin/yarn sart

PATH: 
  /usr/local/sbin:/usr/local/bin:/usr/bin:/usr/lib/jvm/default/bin:/usr/bin/site_perl:/usr/bin/vendor_perl:/usr/bin/core_perl:/home/olejjon/Android/Sdk/tools:/home/olejjon/Android/Sdk/platform-tools:/home/olejjon/Android/Sdk/tools:/home/olejjon/Android/Sdk/platform-tools:/home/olejjon/Android/Sdk/tools:/home/olejjon/Android/Sdk/platform-tools

Yarn version: 
  1.5.0

Node version: 
  9.7.1

Platform: 
  linux x64

npm manifest: 
  {
    "name": "v-card",
    "version": "0.1.0",
    "private": true,
    "dependencies": {
      "react": "^16.2.0",
      "react-dom": "^16.2.0",
      "react-scripts": "1.1.1",
      "vcards-js": "^2.8.0"
    },
    "scripts": {
      "start": "react-scripts start",
      "build": "react-scripts build",
      "test": "react-scripts test --env=jsdom",
      "eject": "react-scripts eject"
    }
  }

yarn manifest: 
  No manifest

Lockfile: 
  No lockfile

Trace: 
  Error: Command "sart" not found. Did you mean "start"?
      at new MessageError (/usr/lib/node_modules/yarn/lib/cli.js:186:110)
      at /usr/lib/node_modules/yarn/lib/cli.js:87307:17
      at Generator.next (<anonymous>)
      at step (/usr/lib/node_modules/yarn/lib/cli.js:98:30)
      at /usr/lib/node_modules/yarn/lib/cli.js:116:14
      at new Promise (<anonymous>)
      at new F (/usr/lib/node_modules/yarn/lib/cli.js:23451:28)
      at /usr/lib/node_modules/yarn/lib/cli.js:95:12
      at runCommand (/usr/lib/node_modules/yarn/lib/cli.js:87312:22)
      at Object.<anonymous> (/usr/lib/node_modules/yarn/lib/cli.js:87412:14)
